{
  "stats": {
    "suites": 2,
    "tests": 17,
    "passes": 14,
    "pending": 0,
    "failures": 3,
    "start": "2021-12-22T05:26:11.802Z",
    "end": "2021-12-22T05:26:32.388Z",
    "duration": 20586,
    "testsRegistered": 17,
    "passPercent": 82.35294117647058,
    "pendingPercent": 0,
    "other": 0,
    "hasOther": false,
    "skipped": 0,
    "hasSkipped": false
  },
  "results": [
    {
      "uuid": "38417e0f-080a-48b4-b68e-ff1d0d0a4bc1",
      "title": "",
      "fullFile": "cypress/integration/fixture_finder.spec.js",
      "file": "cypress/integration/fixture_finder.spec.js",
      "beforeHooks": [],
      "afterHooks": [],
      "tests": [],
      "suites": [
        {
          "uuid": "8bb6c860-061f-432e-ac1a-58dc0454751a",
          "title": "fixture finder test cases",
          "fullFile": "",
          "file": "",
          "beforeHooks": [],
          "afterHooks": [],
          "tests": [
            {
              "title": "should load the fixture findr webiste successfully",
              "fullTitle": "fixture finder test cases should load the fixture findr webiste successfully",
              "timedOut": null,
              "duration": 5678,
              "state": "passed",
              "speed": "medium",
              "pass": true,
              "fail": false,
              "pending": false,
              "context": null,
              "code": "cy.get(_elments.elements.landing_page_bg_img).should('be.visible');\ncy.get(_elments.elements.landing_page_title).should('have.text', 'Fixture Findr');\ncy.get(_elments.elements.localization).should('be.visible');\ncy.get(_elments.elements.navbar).should('be.visible');\ncy.get(_elments.elements.fixtures).should('be.visible');",
              "err": {},
              "uuid": "a336fbf5-f051-4432-98bb-938d37abe3aa",
              "parentUUID": "8bb6c860-061f-432e-ac1a-58dc0454751a",
              "isHook": false,
              "skipped": false
            },
            {
              "title": "should have English as default language",
              "fullTitle": "fixture finder test cases should have English as default language",
              "timedOut": null,
              "duration": 72,
              "state": "passed",
              "speed": "fast",
              "pass": true,
              "fail": false,
              "pending": false,
              "context": null,
              "code": "(0, _translations.check_en_phrase)();",
              "err": {},
              "uuid": "2855f033-b85e-457d-b4d0-0304f7e6ae94",
              "parentUUID": "8bb6c860-061f-432e-ac1a-58dc0454751a",
              "isHook": false,
              "skipped": false
            },
            {
              "title": "should set the german language once german language selected",
              "fullTitle": "fixture finder test cases should set the german language once german language selected",
              "timedOut": null,
              "duration": 4515,
              "state": "failed",
              "speed": null,
              "pass": false,
              "fail": true,
              "pending": false,
              "context": null,
              "code": "cy.get(_elments.elements.localization).within(() => {\n  cy.get(_elments.elements.german).click();\n});\n(0, _translations.check_de_phrase)();",
              "err": {
                "message": "AssertionError: Timed out retrying after 4000ms: expected '<button#dropdownMenu1.btn.btn-default.dropdown-toggle>' to contain text 'Alle Staaten', but the text was '\\n                                All Countries\\n                            \\n                            '",
                "estack": "AssertionError: Timed out retrying after 4000ms: expected '<button#dropdownMenu1.btn.btn-default.dropdown-toggle>' to contain text 'Alle Staaten', but the text was '\\n                                All Countries\\n                            \\n                            '\n    at check_de_phrase (http://fixturefinder.herokuapp.com/__cypress/tests?p=cypress/integration/fixture_finder.spec.js:306:43)\n    at Context.eval (http://fixturefinder.herokuapp.com/__cypress/tests?p=cypress/integration/fixture_finder.spec.js:356:39)",
                "diff": "- '\\n                                All Countries\\n                            \\n                            '\n+ 'Alle Staaten'\n"
              },
              "uuid": "a82788d8-10b6-4827-ba7c-13a7de0ee16e",
              "parentUUID": "8bb6c860-061f-432e-ac1a-58dc0454751a",
              "isHook": false,
              "skipped": false
            },
            {
              "title": "should set the language to english when english language selected",
              "fullTitle": "fixture finder test cases should set the language to english when english language selected",
              "timedOut": null,
              "duration": 183,
              "state": "passed",
              "speed": "fast",
              "pass": true,
              "fail": false,
              "pending": false,
              "context": null,
              "code": "// Setting english language back\ncy.get(_elments.elements.localization).within(() => {\n  cy.get(_elments.elements.english_lang).click();\n});\n(0, _translations.check_en_phrase)();",
              "err": {},
              "uuid": "58b944e2-ae2d-4f80-9aed-12ea705418e4",
              "parentUUID": "8bb6c860-061f-432e-ac1a-58dc0454751a",
              "isHook": false,
              "skipped": false
            },
            {
              "title": "should show the fixtures of today by default",
              "fullTitle": "fixture finder test cases should show the fixtures of today by default",
              "timedOut": null,
              "duration": 31,
              "state": "passed",
              "speed": "fast",
              "pass": true,
              "fail": false,
              "pending": false,
              "context": null,
              "code": "(0, _set_dates.check_today_date)();",
              "err": {},
              "uuid": "ae169371-3875-47f4-bb75-a9a2f2039370",
              "parentUUID": "8bb6c860-061f-432e-ac1a-58dc0454751a",
              "isHook": false,
              "skipped": false
            },
            {
              "title": "All countries filter should be set and filter team field should be empty by default",
              "fullTitle": "fixture finder test cases All countries filter should be set and filter team field should be empty by default",
              "timedOut": null,
              "duration": 29,
              "state": "passed",
              "speed": "fast",
              "pass": true,
              "fail": false,
              "pending": false,
              "context": null,
              "code": "cy.get(_elments.elements.toggle_button).should('contains.text', 'All Countries');\ncy.get(_elments.elements.team_filter_field).should('have.value', '');",
              "err": {},
              "uuid": "5a6102b3-7b82-4306-a00a-331b89a7a647",
              "parentUUID": "8bb6c860-061f-432e-ac1a-58dc0454751a",
              "isHook": false,
              "skipped": false
            },
            {
              "title": "It should show English leagues fixtures on selecting England filter",
              "fullTitle": "fixture finder test cases It should show English leagues fixtures on selecting England filter",
              "timedOut": null,
              "duration": 248,
              "state": "passed",
              "speed": "fast",
              "pass": true,
              "fail": false,
              "pending": false,
              "context": null,
              "code": "cy.get(_elments.elements.toggle_button).click();\ncy.get('ul').children('li').eq(1).click();\ncy.get(_elments.elements.england).should('contains.text', 'England');",
              "err": {},
              "uuid": "f866f835-6f96-4ceb-a57d-c4b5d626ac0c",
              "parentUUID": "8bb6c860-061f-432e-ac1a-58dc0454751a",
              "isHook": false,
              "skipped": false
            },
            {
              "title": "It should show German leagues fixtures on selecting Germany filter",
              "fullTitle": "fixture finder test cases It should show German leagues fixtures on selecting Germany filter",
              "timedOut": null,
              "duration": 224,
              "state": "passed",
              "speed": "fast",
              "pass": true,
              "fail": false,
              "pending": false,
              "context": null,
              "code": "cy.get(_elments.elements.toggle_button).click();\ncy.get('ul').children('li').eq(2).click();\ncy.get(_elments.elements.germany).should('contains.text', 'Germany');",
              "err": {},
              "uuid": "1b83d599-659e-4541-a66a-025222e078b2",
              "parentUUID": "8bb6c860-061f-432e-ac1a-58dc0454751a",
              "isHook": false,
              "skipped": false
            },
            {
              "title": "It should show all leagues fixtures on selecting All countries filter",
              "fullTitle": "fixture finder test cases It should show all leagues fixtures on selecting All countries filter",
              "timedOut": null,
              "duration": 4624,
              "state": "failed",
              "speed": null,
              "pass": false,
              "fail": true,
              "pending": false,
              "context": null,
              "code": "cy.get(_elments.elements.toggle_button).click();\ncy.get('ul').children('li').eq(0).click();\ncy.get(_elments.elements.all_countries).eq(1).should('contains.text', 'All Countries');",
              "err": {
                "message": "AssertionError: Timed out retrying after 4000ms: expected '<span.all-txt>' to contain text 'All Countries', but the text was 'All Counties'",
                "estack": "AssertionError: Timed out retrying after 4000ms: expected '<span.all-txt>' to contain text 'All Countries', but the text was 'All Counties'\n    at Context.eval (http://fixturefinder.herokuapp.com/__cypress/tests?p=cypress/integration/fixture_finder.spec.js:385:51)",
                "diff": "- 'All Counties'\n+ 'All Countries'\n"
              },
              "uuid": "0129fc59-d76a-43a1-bbf9-8b2f7572f69c",
              "parentUUID": "8bb6c860-061f-432e-ac1a-58dc0454751a",
              "isHook": false,
              "skipped": false
            },
            {
              "title": "number of fixtures should be equal to number of shown fixtures",
              "fullTitle": "fixture finder test cases number of fixtures should be equal to number of shown fixtures",
              "timedOut": null,
              "duration": 56,
              "state": "passed",
              "speed": "fast",
              "pass": true,
              "fail": false,
              "pending": false,
              "context": null,
              "code": "(0, _fixtures.check_fixtures_count)();",
              "err": {},
              "uuid": "ce7ab734-9706-4537-b96b-f0d690b282bb",
              "parentUUID": "8bb6c860-061f-432e-ac1a-58dc0454751a",
              "isHook": false,
              "skipped": false
            },
            {
              "title": "it should check scores from previous games",
              "fullTitle": "fixture finder test cases it should check scores from previous games",
              "timedOut": null,
              "duration": 1441,
              "state": "failed",
              "speed": null,
              "pass": false,
              "fail": true,
              "pending": false,
              "context": null,
              "code": "(0, _fixtures.check_prev_scores)();",
              "err": {
                "message": "AssertionError: expected '<td.score>' not to have text '?:?'",
                "estack": "AssertionError: expected '<td.score>' not to have text '?:?'\n    at Context.eval (http://fixturefinder.herokuapp.com/__cypress/tests?p=cypress/integration/fixture_finder.spec.js:195:35)",
                "diff": ""
              },
              "uuid": "78047fbd-6cf9-4495-9179-a9cb878b8f96",
              "parentUUID": "8bb6c860-061f-432e-ac1a-58dc0454751a",
              "isHook": false,
              "skipped": false
            },
            {
              "title": "it should check schedules from upcoming games",
              "fullTitle": "fixture finder test cases it should check schedules from upcoming games",
              "timedOut": null,
              "duration": 2352,
              "state": "passed",
              "speed": "fast",
              "pass": true,
              "fail": false,
              "pending": false,
              "context": null,
              "code": "(0, _fixtures.check_next_scores)();",
              "err": {},
              "uuid": "b355ff2b-9250-47d5-89c6-bcadd204c555",
              "parentUUID": "8bb6c860-061f-432e-ac1a-58dc0454751a",
              "isHook": false,
              "skipped": false
            }
          ],
          "suites": [
            {
              "uuid": "bebee76d-8fb2-4737-a1d9-f6b1b4486078",
              "title": "Fixture Date selection test cases",
              "fullFile": "",
              "file": "",
              "beforeHooks": [],
              "afterHooks": [],
              "tests": [
                {
                  "title": "should show the fixtures of previous day",
                  "fullTitle": "fixture finder test cases Fixture Date selection test cases should show the fixtures of previous day",
                  "timedOut": null,
                  "duration": 168,
                  "state": "passed",
                  "speed": "fast",
                  "pass": true,
                  "fail": false,
                  "pending": false,
                  "context": null,
                  "code": "let prev_day = (0, _set_dates.set_prev_date)(1, current_date);\ncy.get(_elments.elements.prev_day_button).click();\ncy.get(_elments.elements.curr_date).should('have.text', prev_day);",
                  "err": {},
                  "uuid": "f61a396c-ba00-454b-a374-d82fc61bc7e4",
                  "parentUUID": "bebee76d-8fb2-4737-a1d9-f6b1b4486078",
                  "isHook": false,
                  "skipped": false
                },
                {
                  "title": "should show the fixtures of previous week",
                  "fullTitle": "fixture finder test cases Fixture Date selection test cases should show the fixtures of previous week",
                  "timedOut": null,
                  "duration": 154,
                  "state": "passed",
                  "speed": "fast",
                  "pass": true,
                  "fail": false,
                  "pending": false,
                  "context": null,
                  "code": "let prev_week = (0, _set_dates.set_prev_date)(7, current_date);\ncy.get(_elments.elements.prev_week_button).click();\ncy.get(_elments.elements.curr_date).should('have.text', prev_week);",
                  "err": {},
                  "uuid": "dc943b4f-fc1c-487d-a23f-998ce7114929",
                  "parentUUID": "bebee76d-8fb2-4737-a1d9-f6b1b4486078",
                  "isHook": false,
                  "skipped": false
                },
                {
                  "title": "should show the fixtures of next day",
                  "fullTitle": "fixture finder test cases Fixture Date selection test cases should show the fixtures of next day",
                  "timedOut": null,
                  "duration": 132,
                  "state": "passed",
                  "speed": "fast",
                  "pass": true,
                  "fail": false,
                  "pending": false,
                  "context": null,
                  "code": "let next_day = (0, _set_dates.set_next_date)(1, current_date);\ncy.get(_elments.elements.next_day_button).click();\ncy.get(_elments.elements.curr_date).should('have.text', next_day);",
                  "err": {},
                  "uuid": "9fe13475-1891-40e2-b021-ecd5445f3b16",
                  "parentUUID": "bebee76d-8fb2-4737-a1d9-f6b1b4486078",
                  "isHook": false,
                  "skipped": false
                },
                {
                  "title": "should show the fixtures of next week",
                  "fullTitle": "fixture finder test cases Fixture Date selection test cases should show the fixtures of next week",
                  "timedOut": null,
                  "duration": 118,
                  "state": "passed",
                  "speed": "fast",
                  "pass": true,
                  "fail": false,
                  "pending": false,
                  "context": null,
                  "code": "let next_week = (0, _set_dates.set_next_date)(7, current_date);\ncy.get(_elments.elements.next_week_button).click();\ncy.get(_elments.elements.curr_date).should('have.text', next_week);",
                  "err": {},
                  "uuid": "0089047b-b438-4b4a-8fe8-07b8f1f95ddc",
                  "parentUUID": "bebee76d-8fb2-4737-a1d9-f6b1b4486078",
                  "isHook": false,
                  "skipped": false
                },
                {
                  "title": "should set the the date to today date",
                  "fullTitle": "fixture finder test cases Fixture Date selection test cases should set the the date to today date",
                  "timedOut": null,
                  "duration": 137,
                  "state": "passed",
                  "speed": "fast",
                  "pass": true,
                  "fail": false,
                  "pending": false,
                  "context": null,
                  "code": "cy.get(_elments.elements.today_button).click();\n(0, _set_dates.check_today_date)();",
                  "err": {},
                  "uuid": "6f186516-8a24-4291-9fe7-8e4c2b7e1bac",
                  "parentUUID": "bebee76d-8fb2-4737-a1d9-f6b1b4486078",
                  "isHook": false,
                  "skipped": false
                }
              ],
              "suites": [],
              "passes": [
                "f61a396c-ba00-454b-a374-d82fc61bc7e4",
                "dc943b4f-fc1c-487d-a23f-998ce7114929",
                "9fe13475-1891-40e2-b021-ecd5445f3b16",
                "0089047b-b438-4b4a-8fe8-07b8f1f95ddc",
                "6f186516-8a24-4291-9fe7-8e4c2b7e1bac"
              ],
              "failures": [],
              "pending": [],
              "skipped": [],
              "duration": 709,
              "root": false,
              "rootEmpty": false,
              "_timeout": 2000
            }
          ],
          "passes": [
            "a336fbf5-f051-4432-98bb-938d37abe3aa",
            "2855f033-b85e-457d-b4d0-0304f7e6ae94",
            "58b944e2-ae2d-4f80-9aed-12ea705418e4",
            "ae169371-3875-47f4-bb75-a9a2f2039370",
            "5a6102b3-7b82-4306-a00a-331b89a7a647",
            "f866f835-6f96-4ceb-a57d-c4b5d626ac0c",
            "1b83d599-659e-4541-a66a-025222e078b2",
            "ce7ab734-9706-4537-b96b-f0d690b282bb",
            "b355ff2b-9250-47d5-89c6-bcadd204c555"
          ],
          "failures": [
            "a82788d8-10b6-4827-ba7c-13a7de0ee16e",
            "0129fc59-d76a-43a1-bbf9-8b2f7572f69c",
            "78047fbd-6cf9-4495-9179-a9cb878b8f96"
          ],
          "pending": [],
          "skipped": [],
          "duration": 19453,
          "root": false,
          "rootEmpty": false,
          "_timeout": 2000
        }
      ],
      "passes": [],
      "failures": [],
      "pending": [],
      "skipped": [],
      "duration": 0,
      "root": true,
      "rootEmpty": true,
      "_timeout": 2000
    }
  ],
  "meta": {
    "mocha": {
      "version": "7.0.1"
    },
    "mochawesome": {
      "options": {
        "quiet": false,
        "reportFilename": "mochawesome",
        "saveHtml": true,
        "saveJson": true,
        "consoleReporter": "spec",
        "useInlineDiffs": false,
        "code": true
      },
      "version": "6.3.1"
    },
    "marge": {
      "options": {
        "id": "default",
        "reportDir": "cypress/reports/mocha",
        "quite": true,
        "overwrite": false,
        "html": true,
        "json": true
      },
      "version": "5.2.0"
    }
  }
}